update-alternatives 2024-06-11 07:58:41: run with --install /usr/bin/awk awk /usr/bin/mawk 5 --slave /usr/share/man/man1/awk.1.gz awk.1.gz /usr/share/man/man1/mawk.1.gz --slave /usr/bin/nawk nawk /usr/bin/mawk --slave /usr/share/man/man1/nawk.1.gz nawk.1.gz /usr/share/man/man1/mawk.1.gz
update-alternatives 2024-06-11 07:58:41: link group awk updated to point to /usr/bin/mawk
update-alternatives 2024-06-11 07:58:50: run with --install /usr/bin/which which /usr/bin/which.debianutils 0 --slave /usr/share/man/man1/which.1.gz which.1.gz /usr/share/man/man1/which.debianutils.1.gz --slave /usr/share/man/de/man1/which.1.gz which.de1.gz /usr/share/man/de/man1/which.debianutils.1.gz --slave /usr/share/man/es/man1/which.1.gz which.es1.gz /usr/share/man/es/man1/which.debianutils.1.gz --slave /usr/share/man/fr/man1/which.1.gz which.fr1.gz /usr/share/man/fr/man1/which.debianutils.1.gz --slave /usr/share/man/it/man1/which.1.gz which.it1.gz /usr/share/man/it/man1/which.debianutils.1.gz --slave /usr/share/man/ja/man1/which.1.gz which.ja1.gz /usr/share/man/ja/man1/which.debianutils.1.gz --slave /usr/share/man/pl/man1/which.1.gz which.pl1.gz /usr/share/man/pl/man1/which.debianutils.1.gz --slave /usr/share/man/sl/man1/which.1.gz which.sl1.gz /usr/share/man/sl/man1/which.debianutils.1.gz
update-alternatives 2024-06-11 07:58:50: link group which updated to point to /usr/bin/which.debianutils
update-alternatives 2024-06-11 07:58:50: run with --install /usr/bin/awk awk /usr/bin/mawk 5 --slave /usr/share/man/man1/awk.1.gz awk.1.gz /usr/share/man/man1/mawk.1.gz --slave /usr/bin/nawk nawk /usr/bin/mawk --slave /usr/share/man/man1/nawk.1.gz nawk.1.gz /usr/share/man/man1/mawk.1.gz
update-alternatives 2024-06-11 07:58:50: run with --install /usr/share/man/man7/builtins.7.gz builtins.7.gz /usr/share/man/man7/bash-builtins.7.gz 10
update-alternatives 2024-06-11 07:58:50: link group builtins.7.gz updated to point to /usr/share/man/man7/bash-builtins.7.gz
update-alternatives 2024-06-11 07:58:52: run with --install /usr/sbin/rmt rmt /usr/sbin/rmt-tar 50 --slave /usr/share/man/man8/rmt.8.gz rmt.8.gz /usr/share/man/man8/rmt-tar.8.gz
update-alternatives 2024-06-11 07:58:52: link group rmt updated to point to /usr/sbin/rmt-tar
update-alternatives 2024-06-11 07:58:53: run with --install /usr/bin/pager pager /bin/more 50 --slave /usr/share/man/man1/pager.1.gz pager.1.gz /usr/share/man/man1/more.1.gz
update-alternatives 2024-06-11 07:58:53: link group pager updated to point to /bin/more
update-alternatives 2024-06-11 07:59:25: run with --quiet --install /usr/bin/pager pager /usr/bin/less 77 --slave /usr/share/man/man1/pager.1.gz pager.1.gz /usr/share/man/man1/less.1.gz
update-alternatives 2024-06-11 07:59:25: link group pager updated to point to /usr/bin/less
update-alternatives 2024-06-11 07:59:31: run with --install /etc/newt/palette newt-palette /etc/newt/palette.ubuntu 50
update-alternatives 2024-06-11 07:59:31: link group newt-palette updated to point to /etc/newt/palette.ubuntu
update-alternatives 2024-06-11 07:59:31: run with --install /etc/newt/palette newt-palette /etc/newt/palette.original 20
update-alternatives 2024-06-11 07:59:33: run with --install /bin/nc nc /bin/nc.openbsd 50 --slave /bin/netcat netcat /bin/nc.openbsd --slave /usr/share/man/man1/nc.1.gz nc.1.gz /usr/share/man/man1/nc_openbsd.1.gz --slave /usr/share/man/man1/netcat.1.gz netcat.1.gz /usr/share/man/man1/nc_openbsd.1.gz
update-alternatives 2024-06-11 07:59:33: link group nc updated to point to /bin/nc.openbsd
update-alternatives 2024-06-11 07:59:33: run with --install /usr/bin/rview rview /usr/bin/vim.tiny 15
update-alternatives 2024-06-11 07:59:33: link group rview updated to point to /usr/bin/vim.tiny
update-alternatives 2024-06-11 07:59:33: run with --install /usr/bin/vi vi /usr/bin/vim.tiny 15 --slave /usr/share/man/da/man1/vi.1.gz vi.da.1.gz /usr/share/man/da/man1/vim.1.gz --slave /usr/share/man/de/man1/vi.1.gz vi.de.1.gz /usr/share/man/de/man1/vim.1.gz --slave /usr/share/man/fr/man1/vi.1.gz vi.fr.1.gz /usr/share/man/fr/man1/vim.1.gz --slave /usr/share/man/it/man1/vi.1.gz vi.it.1.gz /usr/share/man/it/man1/vim.1.gz --slave /usr/share/man/ja/man1/vi.1.gz vi.ja.1.gz /usr/share/man/ja/man1/vim.1.gz --slave /usr/share/man/pl/man1/vi.1.gz vi.pl.1.gz /usr/share/man/pl/man1/vim.1.gz --slave /usr/share/man/ru/man1/vi.1.gz vi.ru.1.gz /usr/share/man/ru/man1/vim.1.gz --slave /usr/share/man/man1/vi.1.gz vi.1.gz /usr/share/man/man1/vim.1.gz
update-alternatives 2024-06-11 07:59:33: link group vi updated to point to /usr/bin/vim.tiny
update-alternatives 2024-06-11 07:59:33: run with --install /usr/bin/view view /usr/bin/vim.tiny 15 --slave /usr/share/man/da/man1/view.1.gz view.da.1.gz /usr/share/man/da/man1/vim.1.gz --slave /usr/share/man/de/man1/view.1.gz view.de.1.gz /usr/share/man/de/man1/vim.1.gz --slave /usr/share/man/fr/man1/view.1.gz view.fr.1.gz /usr/share/man/fr/man1/vim.1.gz --slave /usr/share/man/it/man1/view.1.gz view.it.1.gz /usr/share/man/it/man1/vim.1.gz --slave /usr/share/man/ja/man1/view.1.gz view.ja.1.gz /usr/share/man/ja/man1/vim.1.gz --slave /usr/share/man/pl/man1/view.1.gz view.pl.1.gz /usr/share/man/pl/man1/vim.1.gz --slave /usr/share/man/ru/man1/view.1.gz view.ru.1.gz /usr/share/man/ru/man1/vim.1.gz --slave /usr/share/man/man1/view.1.gz view.1.gz /usr/share/man/man1/vim.1.gz
update-alternatives 2024-06-11 07:59:33: link group view updated to point to /usr/bin/vim.tiny
update-alternatives 2024-06-11 07:59:33: run with --install /usr/bin/ex ex /usr/bin/vim.tiny 15 --slave /usr/share/man/da/man1/ex.1.gz ex.da.1.gz /usr/share/man/da/man1/vim.1.gz --slave /usr/share/man/de/man1/ex.1.gz ex.de.1.gz /usr/share/man/de/man1/vim.1.gz --slave /usr/share/man/fr/man1/ex.1.gz ex.fr.1.gz /usr/share/man/fr/man1/vim.1.gz --slave /usr/share/man/it/man1/ex.1.gz ex.it.1.gz /usr/share/man/it/man1/vim.1.gz --slave /usr/share/man/ja/man1/ex.1.gz ex.ja.1.gz /usr/share/man/ja/man1/vim.1.gz --slave /usr/share/man/pl/man1/ex.1.gz ex.pl.1.gz /usr/share/man/pl/man1/vim.1.gz --slave /usr/share/man/ru/man1/ex.1.gz ex.ru.1.gz /usr/share/man/ru/man1/vim.1.gz --slave /usr/share/man/man1/ex.1.gz ex.1.gz /usr/share/man/man1/vim.1.gz
update-alternatives 2024-06-11 07:59:33: link group ex updated to point to /usr/bin/vim.tiny
update-alternatives 2024-06-11 07:59:33: run with --install /usr/bin/editor editor /usr/bin/vim.tiny 15 --slave /usr/share/man/da/man1/editor.1.gz editor.da.1.gz /usr/share/man/da/man1/vim.1.gz --slave /usr/share/man/de/man1/editor.1.gz editor.de.1.gz /usr/share/man/de/man1/vim.1.gz --slave /usr/share/man/fr/man1/editor.1.gz editor.fr.1.gz /usr/share/man/fr/man1/vim.1.gz --slave /usr/share/man/it/man1/editor.1.gz editor.it.1.gz /usr/share/man/it/man1/vim.1.gz --slave /usr/share/man/ja/man1/editor.1.gz editor.ja.1.gz /usr/share/man/ja/man1/vim.1.gz --slave /usr/share/man/pl/man1/editor.1.gz editor.pl.1.gz /usr/share/man/pl/man1/vim.1.gz --slave /usr/share/man/ru/man1/editor.1.gz editor.ru.1.gz /usr/share/man/ru/man1/vim.1.gz --slave /usr/share/man/man1/editor.1.gz editor.1.gz /usr/share/man/man1/vim.1.gz
update-alternatives 2024-06-11 07:59:33: link group editor updated to point to /usr/bin/vim.tiny
update-alternatives 2024-06-11 07:59:51: run with --install /etc/vtrgb vtrgb /etc/console-setup/vtrgb 50
update-alternatives 2024-06-11 07:59:51: link group vtrgb updated to point to /etc/console-setup/vtrgb
update-alternatives 2024-06-11 07:59:51: run with --install /etc/vtrgb vtrgb /etc/console-setup/vtrgb.vga 20
update-alternatives 2024-06-11 08:00:32: run with --remove builtins.7.gz /usr/share/man/man7/bash-builtins.7.gz
update-alternatives 2024-06-11 08:00:32: link group builtins.7.gz fully removed
update-alternatives 2024-06-11 08:00:33: run with --install /usr/share/man/man7/builtins.7.gz builtins.7.gz /usr/share/man/man7/bash-builtins.7.gz 10
update-alternatives 2024-06-11 08:00:33: link group builtins.7.gz updated to point to /usr/share/man/man7/bash-builtins.7.gz
update-alternatives 2024-06-11 08:00:38: run with --install /usr/bin/pager pager /bin/more 50 --slave /usr/share/man/man1/pager.1.gz pager.1.gz /usr/share/man/man1/more.1.gz
update-alternatives 2024-06-11 08:00:40: run with --install /usr/sbin/rmt rmt /usr/sbin/rmt-tar 50 --slave /usr/share/man/man8/rmt.8.gz rmt.8.gz /usr/share/man/man8/rmt-tar.8.gz
update-alternatives 2024-06-11 08:00:59: run with --quiet --install /usr/bin/pager pager /usr/bin/less 77 --slave /usr/share/man/man1/pager.1.gz pager.1.gz /usr/share/man/man1/less.1.gz
update-alternatives 2024-06-11 08:01:03: run with --install /usr/bin/rview rview /usr/bin/vim.tiny 15
update-alternatives 2024-06-11 08:01:03: run with --install /usr/bin/vi vi /usr/bin/vim.tiny 15 --slave /usr/share/man/da/man1/vi.1.gz vi.da.1.gz /usr/share/man/da/man1/vim.1.gz --slave /usr/share/man/de/man1/vi.1.gz vi.de.1.gz /usr/share/man/de/man1/vim.1.gz --slave /usr/share/man/fr/man1/vi.1.gz vi.fr.1.gz /usr/share/man/fr/man1/vim.1.gz --slave /usr/share/man/it/man1/vi.1.gz vi.it.1.gz /usr/share/man/it/man1/vim.1.gz --slave /usr/share/man/ja/man1/vi.1.gz vi.ja.1.gz /usr/share/man/ja/man1/vim.1.gz --slave /usr/share/man/pl/man1/vi.1.gz vi.pl.1.gz /usr/share/man/pl/man1/vim.1.gz --slave /usr/share/man/ru/man1/vi.1.gz vi.ru.1.gz /usr/share/man/ru/man1/vim.1.gz --slave /usr/share/man/man1/vi.1.gz vi.1.gz /usr/share/man/man1/vim.1.gz
update-alternatives 2024-06-11 08:01:03: run with --install /usr/bin/view view /usr/bin/vim.tiny 15 --slave /usr/share/man/da/man1/view.1.gz view.da.1.gz /usr/share/man/da/man1/vim.1.gz --slave /usr/share/man/de/man1/view.1.gz view.de.1.gz /usr/share/man/de/man1/vim.1.gz --slave /usr/share/man/fr/man1/view.1.gz view.fr.1.gz /usr/share/man/fr/man1/vim.1.gz --slave /usr/share/man/it/man1/view.1.gz view.it.1.gz /usr/share/man/it/man1/vim.1.gz --slave /usr/share/man/ja/man1/view.1.gz view.ja.1.gz /usr/share/man/ja/man1/vim.1.gz --slave /usr/share/man/pl/man1/view.1.gz view.pl.1.gz /usr/share/man/pl/man1/vim.1.gz --slave /usr/share/man/ru/man1/view.1.gz view.ru.1.gz /usr/share/man/ru/man1/vim.1.gz --slave /usr/share/man/man1/view.1.gz view.1.gz /usr/share/man/man1/vim.1.gz
update-alternatives 2024-06-11 08:01:03: run with --install /usr/bin/ex ex /usr/bin/vim.tiny 15 --slave /usr/share/man/da/man1/ex.1.gz ex.da.1.gz /usr/share/man/da/man1/vim.1.gz --slave /usr/share/man/de/man1/ex.1.gz ex.de.1.gz /usr/share/man/de/man1/vim.1.gz --slave /usr/share/man/fr/man1/ex.1.gz ex.fr.1.gz /usr/share/man/fr/man1/vim.1.gz --slave /usr/share/man/it/man1/ex.1.gz ex.it.1.gz /usr/share/man/it/man1/vim.1.gz --slave /usr/share/man/ja/man1/ex.1.gz ex.ja.1.gz /usr/share/man/ja/man1/vim.1.gz --slave /usr/share/man/pl/man1/ex.1.gz ex.pl.1.gz /usr/share/man/pl/man1/vim.1.gz --slave /usr/share/man/ru/man1/ex.1.gz ex.ru.1.gz /usr/share/man/ru/man1/vim.1.gz --slave /usr/share/man/man1/ex.1.gz ex.1.gz /usr/share/man/man1/vim.1.gz
update-alternatives 2024-06-11 08:01:03: run with --install /usr/bin/editor editor /usr/bin/vim.tiny 15 --slave /usr/share/man/da/man1/editor.1.gz editor.da.1.gz /usr/share/man/da/man1/vim.1.gz --slave /usr/share/man/de/man1/editor.1.gz editor.de.1.gz /usr/share/man/de/man1/vim.1.gz --slave /usr/share/man/fr/man1/editor.1.gz editor.fr.1.gz /usr/share/man/fr/man1/vim.1.gz --slave /usr/share/man/it/man1/editor.1.gz editor.it.1.gz /usr/share/man/it/man1/vim.1.gz --slave /usr/share/man/ja/man1/editor.1.gz editor.ja.1.gz /usr/share/man/ja/man1/vim.1.gz --slave /usr/share/man/pl/man1/editor.1.gz editor.pl.1.gz /usr/share/man/pl/man1/vim.1.gz --slave /usr/share/man/ru/man1/editor.1.gz editor.ru.1.gz /usr/share/man/ru/man1/vim.1.gz --slave /usr/share/man/man1/editor.1.gz editor.1.gz /usr/share/man/man1/vim.1.gz
update-alternatives 2024-06-11 08:03:47: run with --install /usr/bin/rsh rsh /usr/bin/ssh 20 --slave /usr/share/man/man1/rsh.1.gz rsh.1.gz /usr/share/man/man1/ssh.1.gz
update-alternatives 2024-06-11 08:03:47: link group rsh updated to point to /usr/bin/ssh
update-alternatives 2024-06-11 08:03:47: run with --install /usr/bin/rlogin rlogin /usr/bin/slogin 20 --slave /usr/share/man/man1/rlogin.1.gz rlogin.1.gz /usr/share/man/man1/slogin.1.gz
update-alternatives 2024-06-11 08:03:47: link group rlogin updated to point to /usr/bin/slogin
update-alternatives 2024-06-11 08:03:47: run with --install /usr/bin/rcp rcp /usr/bin/scp 20 --slave /usr/share/man/man1/rcp.1.gz rcp.1.gz /usr/share/man/man1/scp.1.gz
update-alternatives 2024-06-11 08:03:47: link group rcp updated to point to /usr/bin/scp
update-alternatives 2024-06-11 08:07:49: run with --install /bin/mt mt /bin/mt-gnu 10 --slave /usr/share/man/man1/mt.1.gz mt.1.gz /usr/share/man/man1/mt-gnu.1.gz
update-alternatives 2024-06-11 08:07:49: link group mt updated to point to /bin/mt-gnu
update-alternatives 2024-06-11 08:07:52: run with --install /usr/bin/telnet telnet /usr/bin/telnet.netkit 100 --slave /usr/share/man/man1/telnet.1.gz telnet.1.gz /usr/share/man/man1/telnet.netkit.1.gz
update-alternatives 2024-06-11 08:07:52: link group telnet updated to point to /usr/bin/telnet.netkit
update-alternatives 2024-06-11 08:07:52: run with --install /usr/bin/write write /usr/bin/write.ul 100 --slave /usr/share/man/man1/write.1.gz write.1.gz /usr/share/man/man1/write.ul.1.gz
update-alternatives 2024-06-11 08:07:52: link group write updated to point to /usr/bin/write.ul
update-alternatives 2024-06-11 08:07:53: run with --install /usr/bin/gnome-www-browser gnome-www-browser /usr/bin/firefox 40
update-alternatives 2024-06-11 08:07:53: link group gnome-www-browser updated to point to /usr/bin/firefox
update-alternatives 2024-06-11 08:07:53: run with --install /usr/bin/x-www-browser x-www-browser /usr/bin/firefox 40
update-alternatives 2024-06-11 08:07:53: link group x-www-browser updated to point to /usr/bin/firefox
update-alternatives 2024-06-11 08:07:54: run with --install /usr/share/gnome-shell/gdm-theme.gresource gdm-theme.gresource /usr/share/gnome-shell/theme/Yaru/gnome-shell-theme.gresource 15
update-alternatives 2024-06-11 08:07:54: link group gdm-theme.gresource updated to point to /usr/share/gnome-shell/theme/Yaru/gnome-shell-theme.gresource
update-alternatives 2024-06-11 08:08:04: run with --install /usr/share/icons/default/index.theme x-cursor-theme /usr/share/icons/DMZ-White/cursor.theme 100
update-alternatives 2024-06-11 08:08:04: link group x-cursor-theme updated to point to /usr/share/icons/DMZ-White/cursor.theme
update-alternatives 2024-06-11 08:08:04: run with --install /usr/share/icons/default/index.theme x-cursor-theme /usr/share/icons/DMZ-Black/cursor.theme 30
update-alternatives 2024-06-11 08:08:08: run with --quiet --install /usr/bin/editor editor /bin/ed -100 --slave /usr/share/man/man1/editor.1.gz editor.1.gz /usr/share/man/man1/ed.1.gz
update-alternatives 2024-06-11 08:08:09: run with --install /usr/bin/lzma lzma /usr/bin/xz 20 --slave /usr/share/man/man1/lzma.1.gz lzma.1.gz /usr/share/man/man1/xz.1.gz --slave /usr/bin/unlzma unlzma /usr/bin/unxz --slave /usr/share/man/man1/unlzma.1.gz unlzma.1.gz /usr/share/man/man1/unxz.1.gz --slave /usr/bin/lzcat lzcat /usr/bin/xzcat --slave /usr/share/man/man1/lzcat.1.gz lzcat.1.gz /usr/share/man/man1/xzcat.1.gz --slave /usr/bin/lzmore lzmore /usr/bin/xzmore --slave /usr/share/man/man1/lzmore.1.gz lzmore.1.gz /usr/share/man/man1/xzmore.1.gz --slave /usr/bin/lzless lzless /usr/bin/xzless --slave /usr/share/man/man1/lzless.1.gz lzless.1.gz /usr/share/man/man1/xzless.1.gz --slave /usr/bin/lzdiff lzdiff /usr/bin/xzdiff --slave /usr/share/man/man1/lzdiff.1.gz lzdiff.1.gz /usr/share/man/man1/xzdiff.1.gz --slave /usr/bin/lzcmp lzcmp /usr/bin/xzcmp --slave /usr/share/man/man1/lzcmp.1.gz lzcmp.1.gz /usr/share/man/man1/xzcmp.1.gz --slave /usr/bin/lzgrep lzgrep /usr/bin/xzgrep --slave /usr/share/man/man1/lzgrep.1.gz lzgrep.1.gz /usr/share/man/man1/xzgrep.1.gz --slave /usr/bin/lzegrep lzegrep /usr/bin/xzegrep --slave /usr/share/man/man1/lzegrep.1.gz lzegrep.1.gz /usr/share/man/man1/xzegrep.1.gz --slave /usr/bin/lzfgrep lzfgrep /usr/bin/xzfgrep --slave /usr/share/man/man1/lzfgrep.1.gz lzfgrep.1.gz /usr/share/man/man1/xzfgrep.1.gz
update-alternatives 2024-06-11 08:08:09: link group lzma updated to point to /usr/bin/xz
update-alternatives 2024-06-11 08:08:13: run with --install /usr/bin/editor editor /bin/nano 40 --slave /usr/share/man/man1/editor.1.gz editor.1.gz /usr/share/man/man1/nano.1.gz
update-alternatives 2024-06-11 08:08:13: link group editor updated to point to /bin/nano
update-alternatives 2024-06-11 08:08:13: run with --install /usr/bin/pico pico /bin/nano 10 --slave /usr/share/man/man1/pico.1.gz pico.1.gz /usr/share/man/man1/nano.1.gz
update-alternatives 2024-06-11 08:08:13: link group pico updated to point to /bin/nano
update-alternatives 2024-06-11 08:08:17: run with --install /usr/bin/ftp ftp /usr/bin/tnftp 120 --slave /usr/share/man/man1/ftp.1.gz ftp.1.gz /usr/share/man/man1/tnftp.1.gz
update-alternatives 2024-06-11 08:08:17: link group ftp updated to point to /usr/bin/tnftp
update-alternatives 2024-06-11 08:08:22: run with --install /usr/bin/open open /usr/bin/xdg-open 50 --slave /usr/share/man/man1/open.1.gz open.1.gz /usr/share/man/man1/xdg-open.1.gz
update-alternatives 2024-06-11 08:08:22: link group open updated to point to /usr/bin/xdg-open
update-alternatives 2024-06-11 08:08:22: run with --install /usr/bin/infobrowser infobrowser /usr/bin/info 60 --slave /usr/share/man/man1/infobrowser.1.gz infobrowser.1.gz /usr/share/man/man1/info.1.gz
update-alternatives 2024-06-11 08:08:22: link group infobrowser updated to point to /usr/bin/info
update-alternatives 2024-06-11 08:08:24: run with --install /usr/share/icons/default/index.theme x-cursor-theme /etc/X11/cursors/core.theme 30
update-alternatives 2024-06-11 08:08:24: run with --install /usr/share/icons/default/index.theme x-cursor-theme /etc/X11/cursors/redglass.theme 20
update-alternatives 2024-06-11 08:08:24: run with --install /usr/share/icons/default/index.theme x-cursor-theme /etc/X11/cursors/whiteglass.theme 20
update-alternatives 2024-06-11 08:08:24: run with --install /usr/share/icons/default/index.theme x-cursor-theme /etc/X11/cursors/handhelds.theme 20
update-alternatives 2024-06-11 08:08:37: run with --quiet --install /usr/bin/pinentry pinentry /usr/bin/pinentry-curses 50 --slave /usr/share/man/man1/pinentry.1.gz pinentry.1.gz /usr/share/man/man1/pinentry-curses.1.gz
update-alternatives 2024-06-11 08:08:37: link group pinentry updated to point to /usr/bin/pinentry-curses
update-alternatives 2024-06-11 08:09:18: run with --quiet --install /lib/cpp cpp /usr/bin/cpp 10
update-alternatives 2024-06-11 08:09:18: link group cpp updated to point to /usr/bin/cpp
update-alternatives 2024-06-11 08:09:19: run with --install /usr/bin/futurize futurize /usr/bin/python3-futurize 300
update-alternatives 2024-06-11 08:09:19: link group futurize updated to point to /usr/bin/python3-futurize
update-alternatives 2024-06-11 08:09:19: run with --install /usr/bin/pasteurize pasteurize /usr/bin/python3-pasteurize 300
update-alternatives 2024-06-11 08:09:19: link group pasteurize updated to point to /usr/bin/python3-pasteurize
update-alternatives 2024-06-11 08:09:29: run with --install /usr/sbin/iptables iptables /usr/sbin/iptables-legacy 10 --slave /usr/sbin/iptables-restore iptables-restore /usr/sbin/iptables-legacy-restore --slave /usr/sbin/iptables-save iptables-save /usr/sbin/iptables-legacy-save
update-alternatives 2024-06-11 08:09:29: link group iptables updated to point to /usr/sbin/iptables-legacy
update-alternatives 2024-06-11 08:09:29: run with --install /usr/sbin/ip6tables ip6tables /usr/sbin/ip6tables-legacy 10 --slave /usr/sbin/ip6tables-restore ip6tables-restore /usr/sbin/ip6tables-legacy-restore --slave /usr/sbin/ip6tables-save ip6tables-save /usr/sbin/ip6tables-legacy-save
update-alternatives 2024-06-11 08:09:29: link group ip6tables updated to point to /usr/sbin/ip6tables-legacy
update-alternatives 2024-06-11 08:09:29: run with --install /usr/sbin/iptables iptables /usr/sbin/iptables-nft 20 --slave /usr/sbin/iptables-restore iptables-restore /usr/sbin/iptables-nft-restore --slave /usr/sbin/iptables-save iptables-save /usr/sbin/iptables-nft-save
update-alternatives 2024-06-11 08:09:29: link group iptables updated to point to /usr/sbin/iptables-nft
update-alternatives 2024-06-11 08:09:29: run with --install /usr/sbin/ip6tables ip6tables /usr/sbin/ip6tables-nft 20 --slave /usr/sbin/ip6tables-restore ip6tables-restore /usr/sbin/ip6tables-nft-restore --slave /usr/sbin/ip6tables-save ip6tables-save /usr/sbin/ip6tables-nft-save
update-alternatives 2024-06-11 08:09:29: link group ip6tables updated to point to /usr/sbin/ip6tables-nft
update-alternatives 2024-06-11 08:09:29: run with --install /usr/sbin/arptables arptables /usr/sbin/arptables-nft 20 --slave /usr/sbin/arptables-restore arptables-restore /usr/sbin/arptables-nft-restore --slave /usr/sbin/arptables-save arptables-save /usr/sbin/arptables-nft-save
update-alternatives 2024-06-11 08:09:29: link group arptables updated to point to /usr/sbin/arptables-nft
update-alternatives 2024-06-11 08:09:29: run with --install /usr/sbin/ebtables ebtables /usr/sbin/ebtables-nft 20 --slave /usr/sbin/ebtables-restore ebtables-restore /usr/sbin/ebtables-nft-restore --slave /usr/sbin/ebtables-save ebtables-save /usr/sbin/ebtables-nft-save
update-alternatives 2024-06-11 08:09:29: link group ebtables updated to point to /usr/sbin/ebtables-nft
update-alternatives 2024-06-11 08:09:31: run with --install /usr/share/gnome-shell/gdm-theme.gresource gdm-theme.gresource /usr/share/gnome-shell/gnome-shell-theme.gresource 10
update-alternatives 2024-06-11 08:09:38: run with --install /usr/share/plymouth/themes/text.plymouth text.plymouth /usr/share/plymouth/themes/ubuntu-text/ubuntu-text.plymouth 50
update-alternatives 2024-06-11 08:09:38: link group text.plymouth updated to point to /usr/share/plymouth/themes/ubuntu-text/ubuntu-text.plymouth
update-alternatives 2024-06-11 08:09:45: run with --quiet --install /usr/bin/open open /usr/bin/run-mailcap 30 --slave /usr/share/man/man1/open.1.gz open.1.gz /usr/share/man/man1/run-mailcap.1.gz
update-alternatives 2024-06-11 08:10:08: run with --install /usr/share/plymouth/themes/default.plymouth default.plymouth /usr/share/plymouth/themes/bgrt/bgrt.plymouth 110
update-alternatives 2024-06-11 08:10:08: link group default.plymouth updated to point to /usr/share/plymouth/themes/bgrt/bgrt.plymouth
update-alternatives 2024-06-11 08:10:20: run with --install /usr/bin/gstreamer-codec-install gstreamer-codec-install /usr/libexec/pk-gstreamer-install 80
update-alternatives 2024-06-11 08:10:20: link group gstreamer-codec-install updated to point to /usr/libexec/pk-gstreamer-install
update-alternatives 2024-06-11 08:10:30: run with --install /usr/share/icons/default/index.theme x-cursor-theme /usr/share/icons/Adwaita/cursor.theme 90
update-alternatives 2024-06-11 08:10:44: run with --install /usr/bin/x-terminal-emulator x-terminal-emulator /usr/bin/gnome-terminal.wrapper 40 --slave /usr/share/man/man1/x-terminal-emulator.1.gz x-terminal-emulator.1.gz /usr/share/man/man1/gnome-terminal.1.gz
update-alternatives 2024-06-11 08:10:44: link group x-terminal-emulator updated to point to /usr/bin/gnome-terminal.wrapper
update-alternatives 2024-06-11 08:10:46: run with --install /usr/bin/x-session-manager x-session-manager /usr/bin/gnome-session 50 --slave /usr/share/man/man1/x-session-manager.1.gz x-session-manager.1.gz /usr/share/man/man1/gnome-session.1.gz
update-alternatives 2024-06-11 08:10:46: link group x-session-manager updated to point to /usr/bin/gnome-session
update-alternatives 2024-06-11 08:10:47: run with --quiet --install /usr/bin/pinentry pinentry /usr/bin/pinentry-gnome3 90 --slave /usr/share/man/man1/pinentry.1.gz pinentry.1.gz /usr/share/man/man1/pinentry-gnome3.1.gz
update-alternatives 2024-06-11 08:10:47: link group pinentry updated to point to /usr/bin/pinentry-gnome3
update-alternatives 2024-06-11 08:10:47: run with --quiet --install /usr/bin/pinentry-x11 pinentry-x11 /usr/bin/pinentry-gnome3 90 --slave /usr/share/man/man1/pinentry-x11.1.gz pinentry-x11.1.gz /usr/share/man/man1/pinentry-gnome3.1.gz
update-alternatives 2024-06-11 08:10:47: link group pinentry-x11 updated to point to /usr/bin/pinentry-gnome3
update-alternatives 2024-06-11 08:10:51: run with --install /usr/bin/gnome-text-editor gnome-text-editor /usr/bin/gedit 50 --slave /usr/share/man/man1/gnome-text-editor.1.gz gnome-text-editor.1.gz /usr/share/man/man1/gedit.1.gz
update-alternatives 2024-06-11 08:10:51: link group gnome-text-editor updated to point to /usr/bin/gedit
update-alternatives 2024-06-11 08:11:02: run with --install /etc/pam.d/gdm-smartcard gdm-smartcard /etc/pam.d/gdm-smartcard-sssd-exclusive 50
update-alternatives 2024-06-11 08:11:02: link group gdm-smartcard updated to point to /etc/pam.d/gdm-smartcard-sssd-exclusive
update-alternatives 2024-06-11 08:11:02: run with --install /etc/pam.d/gdm-smartcard gdm-smartcard /etc/pam.d/gdm-smartcard-sssd-or-password 40
update-alternatives 2024-06-11 08:11:02: run with --install /etc/pam.d/gdm-smartcard gdm-smartcard /etc/pam.d/gdm-smartcard-pkcs11-exclusive 30
update-alternatives 2024-06-11 08:14:33: run with --install /etc/cifs-utils/idmap-plugin idmap-plugin /usr/lib/aarch64-linux-gnu/cifs-utils/idmapwb.so 40 --slave /usr/share/man/man8/idmap-plugin.8.gz idmap-plugin.8.gz /usr/share/man/man8/idmapwb.8.gz
update-alternatives 2024-06-11 08:14:33: link group idmap-plugin updated to point to /usr/lib/aarch64-linux-gnu/cifs-utils/idmapwb.so
update-alternatives 2024-06-12 16:00:50: run with --remove idmap-plugin /usr/lib/aarch64-linux-gnu/cifs-utils/idmapwb.so
update-alternatives 2024-06-12 16:00:50: link group idmap-plugin fully removed
update-alternatives 2024-06-12 16:03:38: run with --quiet --install /usr/bin/cc cc /usr/bin/gcc 20 --slave /usr/share/man/man1/cc.1.gz cc.1.gz /usr/share/man/man1/gcc.1.gz
update-alternatives 2024-06-12 16:03:38: link group cc updated to point to /usr/bin/gcc
update-alternatives 2024-06-12 16:03:38: run with --quiet --install /usr/bin/c89 c89 /usr/bin/c89-gcc 20 --slave /usr/share/man/man1/c89.1.gz c89.1.gz /usr/share/man/man1/c89-gcc.1.gz
update-alternatives 2024-06-12 16:03:38: link group c89 updated to point to /usr/bin/c89-gcc
update-alternatives 2024-06-12 16:03:38: run with --quiet --install /usr/bin/c99 c99 /usr/bin/c99-gcc 20 --slave /usr/share/man/man1/c99.1.gz c99.1.gz /usr/share/man/man1/c99-gcc.1.gz
update-alternatives 2024-06-12 16:03:38: link group c99 updated to point to /usr/bin/c99-gcc
update-alternatives 2024-06-12 16:04:12: run with --install /usr/bin/fakeroot fakeroot /usr/bin/fakeroot-sysv 50 --slave /usr/share/man/man1/fakeroot.1.gz fakeroot.1.gz /usr/share/man/man1/fakeroot-sysv.1.gz --slave /usr/share/man/man1/faked.1.gz faked.1.gz /usr/share/man/man1/faked-sysv.1.gz --slave /usr/share/man/es/man1/fakeroot.1.gz fakeroot.es.1.gz /usr/share/man/es/man1/fakeroot-sysv.1.gz --slave /usr/share/man/es/man1/faked.1.gz faked.es.1.gz /usr/share/man/es/man1/faked-sysv.1.gz --slave /usr/share/man/fr/man1/fakeroot.1.gz fakeroot.fr.1.gz /usr/share/man/fr/man1/fakeroot-sysv.1.gz --slave /usr/share/man/fr/man1/faked.1.gz faked.fr.1.gz /usr/share/man/fr/man1/faked-sysv.1.gz --slave /usr/share/man/sv/man1/fakeroot.1.gz fakeroot.sv.1.gz /usr/share/man/sv/man1/fakeroot-sysv.1.gz --slave /usr/share/man/sv/man1/faked.1.gz faked.sv.1.gz /usr/share/man/sv/man1/faked-sysv.1.gz
update-alternatives 2024-06-12 16:04:12: link group fakeroot updated to point to /usr/bin/fakeroot-sysv
update-alternatives 2024-06-12 16:04:12: run with --install /usr/bin/fakeroot fakeroot /usr/bin/fakeroot-tcp 30 --slave /usr/share/man/man1/fakeroot.1.gz fakeroot.1.gz /usr/share/man/man1/fakeroot-tcp.1.gz --slave /usr/share/man/man1/faked.1.gz faked.1.gz /usr/share/man/man1/faked-tcp.1.gz --slave /usr/share/man/es/man1/fakeroot.1.gz fakeroot.es.1.gz /usr/share/man/es/man1/fakeroot-tcp.1.gz --slave /usr/share/man/es/man1/faked.1.gz faked.es.1.gz /usr/share/man/es/man1/faked-tcp.1.gz --slave /usr/share/man/fr/man1/fakeroot.1.gz fakeroot.fr.1.gz /usr/share/man/fr/man1/fakeroot-tcp.1.gz --slave /usr/share/man/fr/man1/faked.1.gz faked.fr.1.gz /usr/share/man/fr/man1/faked-tcp.1.gz --slave /usr/share/man/sv/man1/fakeroot.1.gz fakeroot.sv.1.gz /usr/share/man/sv/man1/fakeroot-tcp.1.gz --slave /usr/share/man/sv/man1/faked.1.gz faked.sv.1.gz /usr/share/man/sv/man1/faked-tcp.1.gz
update-alternatives 2024-06-12 16:04:12: run with --install /usr/bin/c++ c++ /usr/bin/g++ 20 --slave /usr/share/man/man1/c++.1.gz c++.1.gz /usr/share/man/man1/g++.1.gz
update-alternatives 2024-06-12 16:04:12: link group c++ updated to point to /usr/bin/g++
update-alternatives 2024-06-12 17:17:05: run with --quiet --install /usr/bin/awk awk /usr/bin/gawk 10 --slave /usr/share/man/man1/awk.1.gz awk.1.gz /usr/share/man/man1/gawk.1.gz --slave /usr/bin/nawk nawk /usr/bin/gawk --slave /usr/share/man/man1/nawk.1.gz nawk.1.gz /usr/share/man/man1/gawk.1.gz
update-alternatives 2024-06-12 17:17:05: link group awk updated to point to /usr/bin/gawk
update-alternatives 2024-06-12 17:17:09: run with --install /usr/bin/vim vim /usr/bin/vim.basic 30
update-alternatives 2024-06-12 17:17:09: link group vim updated to point to /usr/bin/vim.basic
update-alternatives 2024-06-12 17:17:09: run with --install /usr/bin/vimdiff vimdiff /usr/bin/vim.basic 30
update-alternatives 2024-06-12 17:17:09: link group vimdiff updated to point to /usr/bin/vim.basic
update-alternatives 2024-06-12 17:17:09: run with --install /usr/bin/rvim rvim /usr/bin/vim.basic 30
update-alternatives 2024-06-12 17:17:09: link group rvim updated to point to /usr/bin/vim.basic
update-alternatives 2024-06-12 17:17:09: run with --install /usr/bin/rview rview /usr/bin/vim.basic 30
update-alternatives 2024-06-12 17:17:09: link group rview updated to point to /usr/bin/vim.basic
update-alternatives 2024-06-12 17:17:09: run with --install /usr/bin/vi vi /usr/bin/vim.basic 30 --slave /usr/share/man/da/man1/vi.1.gz vi.da.1.gz /usr/share/man/da/man1/vim.1.gz --slave /usr/share/man/de/man1/vi.1.gz vi.de.1.gz /usr/share/man/de/man1/vim.1.gz --slave /usr/share/man/fr/man1/vi.1.gz vi.fr.1.gz /usr/share/man/fr/man1/vim.1.gz --slave /usr/share/man/it/man1/vi.1.gz vi.it.1.gz /usr/share/man/it/man1/vim.1.gz --slave /usr/share/man/ja/man1/vi.1.gz vi.ja.1.gz /usr/share/man/ja/man1/vim.1.gz --slave /usr/share/man/pl/man1/vi.1.gz vi.pl.1.gz /usr/share/man/pl/man1/vim.1.gz --slave /usr/share/man/ru/man1/vi.1.gz vi.ru.1.gz /usr/share/man/ru/man1/vim.1.gz --slave /usr/share/man/man1/vi.1.gz vi.1.gz /usr/share/man/man1/vim.1.gz
update-alternatives 2024-06-12 17:17:09: link group vi updated to point to /usr/bin/vim.basic
update-alternatives 2024-06-12 17:17:09: run with --install /usr/bin/view view /usr/bin/vim.basic 30 --slave /usr/share/man/da/man1/view.1.gz view.da.1.gz /usr/share/man/da/man1/vim.1.gz --slave /usr/share/man/de/man1/view.1.gz view.de.1.gz /usr/share/man/de/man1/vim.1.gz --slave /usr/share/man/fr/man1/view.1.gz view.fr.1.gz /usr/share/man/fr/man1/vim.1.gz --slave /usr/share/man/it/man1/view.1.gz view.it.1.gz /usr/share/man/it/man1/vim.1.gz --slave /usr/share/man/ja/man1/view.1.gz view.ja.1.gz /usr/share/man/ja/man1/vim.1.gz --slave /usr/share/man/pl/man1/view.1.gz view.pl.1.gz /usr/share/man/pl/man1/vim.1.gz --slave /usr/share/man/ru/man1/view.1.gz view.ru.1.gz /usr/share/man/ru/man1/vim.1.gz --slave /usr/share/man/man1/view.1.gz view.1.gz /usr/share/man/man1/vim.1.gz
update-alternatives 2024-06-12 17:17:09: link group view updated to point to /usr/bin/vim.basic
update-alternatives 2024-06-12 17:17:09: run with --install /usr/bin/ex ex /usr/bin/vim.basic 30 --slave /usr/share/man/da/man1/ex.1.gz ex.da.1.gz /usr/share/man/da/man1/vim.1.gz --slave /usr/share/man/de/man1/ex.1.gz ex.de.1.gz /usr/share/man/de/man1/vim.1.gz --slave /usr/share/man/fr/man1/ex.1.gz ex.fr.1.gz /usr/share/man/fr/man1/vim.1.gz --slave /usr/share/man/it/man1/ex.1.gz ex.it.1.gz /usr/share/man/it/man1/vim.1.gz --slave /usr/share/man/ja/man1/ex.1.gz ex.ja.1.gz /usr/share/man/ja/man1/vim.1.gz --slave /usr/share/man/pl/man1/ex.1.gz ex.pl.1.gz /usr/share/man/pl/man1/vim.1.gz --slave /usr/share/man/ru/man1/ex.1.gz ex.ru.1.gz /usr/share/man/ru/man1/vim.1.gz --slave /usr/share/man/man1/ex.1.gz ex.1.gz /usr/share/man/man1/vim.1.gz
update-alternatives 2024-06-12 17:17:09: link group ex updated to point to /usr/bin/vim.basic
update-alternatives 2024-06-12 17:17:09: run with --install /usr/bin/editor editor /usr/bin/vim.basic 30 --slave /usr/share/man/da/man1/editor.1.gz editor.da.1.gz /usr/share/man/da/man1/vim.1.gz --slave /usr/share/man/de/man1/editor.1.gz editor.de.1.gz /usr/share/man/de/man1/vim.1.gz --slave /usr/share/man/fr/man1/editor.1.gz editor.fr.1.gz /usr/share/man/fr/man1/vim.1.gz --slave /usr/share/man/it/man1/editor.1.gz editor.it.1.gz /usr/share/man/it/man1/vim.1.gz --slave /usr/share/man/ja/man1/editor.1.gz editor.ja.1.gz /usr/share/man/ja/man1/vim.1.gz --slave /usr/share/man/pl/man1/editor.1.gz editor.pl.1.gz /usr/share/man/pl/man1/vim.1.gz --slave /usr/share/man/ru/man1/editor.1.gz editor.ru.1.gz /usr/share/man/ru/man1/vim.1.gz --slave /usr/share/man/man1/editor.1.gz editor.1.gz /usr/share/man/man1/vim.1.gz
update-alternatives 2024-06-12 17:17:10: run with --install /usr/bin/js js /usr/bin/nodejs 200 --slave /usr/share/man/man1/js.1.gz js.1.gz /usr/share/man/man1/nodejs.1.gz
update-alternatives 2024-06-12 17:17:10: link group js updated to point to /usr/bin/nodejs
update-alternatives 2024-06-12 17:17:10: run with --install /usr/bin/locate locate /usr/bin/plocate 90 --slave /usr/share/man/man1/locate.1.gz locate.1.gz /usr/share/man/man1/plocate.1.gz --slave /usr/bin/updatedb updatedb /usr/sbin/updatedb.plocate --slave /usr/share/man/man8/updatedb.8.gz updatedb.8.gz /usr/share/man/man8/updatedb.plocate.8.gz
update-alternatives 2024-06-12 17:17:10: link group locate updated to point to /usr/bin/plocate
update-alternatives 2024-06-12 17:17:14: run with --install /usr/bin/java java /usr/lib/jvm/java-17-openjdk-arm64/bin/java 1711 --slave /usr/share/man/man1/java.1.gz java.1.gz /usr/lib/jvm/java-17-openjdk-arm64/man/man1/java.1.gz
update-alternatives 2024-06-12 17:17:14: link group java updated to point to /usr/lib/jvm/java-17-openjdk-arm64/bin/java
update-alternatives 2024-06-12 17:17:14: run with --install /usr/bin/jpackage jpackage /usr/lib/jvm/java-17-openjdk-arm64/bin/jpackage 1711 --slave /usr/share/man/man1/jpackage.1.gz jpackage.1.gz /usr/lib/jvm/java-17-openjdk-arm64/man/man1/jpackage.1.gz
update-alternatives 2024-06-12 17:17:14: link group jpackage updated to point to /usr/lib/jvm/java-17-openjdk-arm64/bin/jpackage
update-alternatives 2024-06-12 17:17:14: run with --install /usr/bin/keytool keytool /usr/lib/jvm/java-17-openjdk-arm64/bin/keytool 1711 --slave /usr/share/man/man1/keytool.1.gz keytool.1.gz /usr/lib/jvm/java-17-openjdk-arm64/man/man1/keytool.1.gz
update-alternatives 2024-06-12 17:17:14: link group keytool updated to point to /usr/lib/jvm/java-17-openjdk-arm64/bin/keytool
update-alternatives 2024-06-12 17:17:14: run with --install /usr/bin/rmiregistry rmiregistry /usr/lib/jvm/java-17-openjdk-arm64/bin/rmiregistry 1711 --slave /usr/share/man/man1/rmiregistry.1.gz rmiregistry.1.gz /usr/lib/jvm/java-17-openjdk-arm64/man/man1/rmiregistry.1.gz
update-alternatives 2024-06-12 17:17:14: link group rmiregistry updated to point to /usr/lib/jvm/java-17-openjdk-arm64/bin/rmiregistry
update-alternatives 2024-06-12 17:17:14: run with --install /usr/bin/jexec jexec /usr/lib/jvm/java-17-openjdk-arm64/lib/jexec 1711 --slave /usr/share/binfmts/jar jexec-binfmt /usr/lib/jvm/java-17-openjdk-arm64/lib/jar.binfmt
update-alternatives 2024-06-12 17:17:14: link group jexec updated to point to /usr/lib/jvm/java-17-openjdk-arm64/lib/jexec
update-alternatives 2024-06-12 17:17:14: run with --install /usr/bin/jar jar /usr/lib/jvm/java-17-openjdk-arm64/bin/jar 1711 --slave /usr/share/man/man1/jar.1.gz jar.1.gz /usr/lib/jvm/java-17-openjdk-arm64/man/man1/jar.1.gz
update-alternatives 2024-06-12 17:17:14: link group jar updated to point to /usr/lib/jvm/java-17-openjdk-arm64/bin/jar
update-alternatives 2024-06-12 17:17:14: run with --install /usr/bin/jarsigner jarsigner /usr/lib/jvm/java-17-openjdk-arm64/bin/jarsigner 1711 --slave /usr/share/man/man1/jarsigner.1.gz jarsigner.1.gz /usr/lib/jvm/java-17-openjdk-arm64/man/man1/jarsigner.1.gz
update-alternatives 2024-06-12 17:17:14: link group jarsigner updated to point to /usr/lib/jvm/java-17-openjdk-arm64/bin/jarsigner
update-alternatives 2024-06-12 17:17:14: run with --install /usr/bin/javac javac /usr/lib/jvm/java-17-openjdk-arm64/bin/javac 1711 --slave /usr/share/man/man1/javac.1.gz javac.1.gz /usr/lib/jvm/java-17-openjdk-arm64/man/man1/javac.1.gz
update-alternatives 2024-06-12 17:17:14: link group javac updated to point to /usr/lib/jvm/java-17-openjdk-arm64/bin/javac
update-alternatives 2024-06-12 17:17:14: run with --install /usr/bin/javadoc javadoc /usr/lib/jvm/java-17-openjdk-arm64/bin/javadoc 1711 --slave /usr/share/man/man1/javadoc.1.gz javadoc.1.gz /usr/lib/jvm/java-17-openjdk-arm64/man/man1/javadoc.1.gz
update-alternatives 2024-06-12 17:17:14: link group javadoc updated to point to /usr/lib/jvm/java-17-openjdk-arm64/bin/javadoc
update-alternatives 2024-06-12 17:17:14: run with --install /usr/bin/javap javap /usr/lib/jvm/java-17-openjdk-arm64/bin/javap 1711 --slave /usr/share/man/man1/javap.1.gz javap.1.gz /usr/lib/jvm/java-17-openjdk-arm64/man/man1/javap.1.gz
update-alternatives 2024-06-12 17:17:14: link group javap updated to point to /usr/lib/jvm/java-17-openjdk-arm64/bin/javap
update-alternatives 2024-06-12 17:17:14: run with --install /usr/bin/jcmd jcmd /usr/lib/jvm/java-17-openjdk-arm64/bin/jcmd 1711 --slave /usr/share/man/man1/jcmd.1.gz jcmd.1.gz /usr/lib/jvm/java-17-openjdk-arm64/man/man1/jcmd.1.gz
update-alternatives 2024-06-12 17:17:14: link group jcmd updated to point to /usr/lib/jvm/java-17-openjdk-arm64/bin/jcmd
update-alternatives 2024-06-12 17:17:14: run with --install /usr/bin/jdb jdb /usr/lib/jvm/java-17-openjdk-arm64/bin/jdb 1711 --slave /usr/share/man/man1/jdb.1.gz jdb.1.gz /usr/lib/jvm/java-17-openjdk-arm64/man/man1/jdb.1.gz
update-alternatives 2024-06-12 17:17:14: link group jdb updated to point to /usr/lib/jvm/java-17-openjdk-arm64/bin/jdb
update-alternatives 2024-06-12 17:17:14: run with --install /usr/bin/jdeprscan jdeprscan /usr/lib/jvm/java-17-openjdk-arm64/bin/jdeprscan 1711 --slave /usr/share/man/man1/jdeprscan.1.gz jdeprscan.1.gz /usr/lib/jvm/java-17-openjdk-arm64/man/man1/jdeprscan.1.gz
update-alternatives 2024-06-12 17:17:14: link group jdeprscan updated to point to /usr/lib/jvm/java-17-openjdk-arm64/bin/jdeprscan
update-alternatives 2024-06-12 17:17:14: run with --install /usr/bin/jdeps jdeps /usr/lib/jvm/java-17-openjdk-arm64/bin/jdeps 1711 --slave /usr/share/man/man1/jdeps.1.gz jdeps.1.gz /usr/lib/jvm/java-17-openjdk-arm64/man/man1/jdeps.1.gz
update-alternatives 2024-06-12 17:17:14: link group jdeps updated to point to /usr/lib/jvm/java-17-openjdk-arm64/bin/jdeps
update-alternatives 2024-06-12 17:17:14: run with --install /usr/bin/jfr jfr /usr/lib/jvm/java-17-openjdk-arm64/bin/jfr 1711 --slave /usr/share/man/man1/jfr.1.gz jfr.1.gz /usr/lib/jvm/java-17-openjdk-arm64/man/man1/jfr.1.gz
update-alternatives 2024-06-12 17:17:14: link group jfr updated to point to /usr/lib/jvm/java-17-openjdk-arm64/bin/jfr
update-alternatives 2024-06-12 17:17:14: run with --install /usr/bin/jimage jimage /usr/lib/jvm/java-17-openjdk-arm64/bin/jimage 1711
update-alternatives 2024-06-12 17:17:14: link group jimage updated to point to /usr/lib/jvm/java-17-openjdk-arm64/bin/jimage
update-alternatives 2024-06-12 17:17:14: run with --install /usr/bin/jinfo jinfo /usr/lib/jvm/java-17-openjdk-arm64/bin/jinfo 1711 --slave /usr/share/man/man1/jinfo.1.gz jinfo.1.gz /usr/lib/jvm/java-17-openjdk-arm64/man/man1/jinfo.1.gz
update-alternatives 2024-06-12 17:17:14: link group jinfo updated to point to /usr/lib/jvm/java-17-openjdk-arm64/bin/jinfo
update-alternatives 2024-06-12 17:17:14: run with --install /usr/bin/jlink jlink /usr/lib/jvm/java-17-openjdk-arm64/bin/jlink 1711 --slave /usr/share/man/man1/jlink.1.gz jlink.1.gz /usr/lib/jvm/java-17-openjdk-arm64/man/man1/jlink.1.gz
update-alternatives 2024-06-12 17:17:14: link group jlink updated to point to /usr/lib/jvm/java-17-openjdk-arm64/bin/jlink
update-alternatives 2024-06-12 17:17:14: run with --install /usr/bin/jmap jmap /usr/lib/jvm/java-17-openjdk-arm64/bin/jmap 1711 --slave /usr/share/man/man1/jmap.1.gz jmap.1.gz /usr/lib/jvm/java-17-openjdk-arm64/man/man1/jmap.1.gz
update-alternatives 2024-06-12 17:17:14: link group jmap updated to point to /usr/lib/jvm/java-17-openjdk-arm64/bin/jmap
update-alternatives 2024-06-12 17:17:14: run with --install /usr/bin/jmod jmod /usr/lib/jvm/java-17-openjdk-arm64/bin/jmod 1711 --slave /usr/share/man/man1/jmod.1.gz jmod.1.gz /usr/lib/jvm/java-17-openjdk-arm64/man/man1/jmod.1.gz
update-alternatives 2024-06-12 17:17:14: link group jmod updated to point to /usr/lib/jvm/java-17-openjdk-arm64/bin/jmod
update-alternatives 2024-06-12 17:17:14: run with --install /usr/bin/jps jps /usr/lib/jvm/java-17-openjdk-arm64/bin/jps 1711 --slave /usr/share/man/man1/jps.1.gz jps.1.gz /usr/lib/jvm/java-17-openjdk-arm64/man/man1/jps.1.gz
update-alternatives 2024-06-12 17:17:14: link group jps updated to point to /usr/lib/jvm/java-17-openjdk-arm64/bin/jps
update-alternatives 2024-06-12 17:17:14: run with --install /usr/bin/jrunscript jrunscript /usr/lib/jvm/java-17-openjdk-arm64/bin/jrunscript 1711 --slave /usr/share/man/man1/jrunscript.1.gz jrunscript.1.gz /usr/lib/jvm/java-17-openjdk-arm64/man/man1/jrunscript.1.gz
update-alternatives 2024-06-12 17:17:14: link group jrunscript updated to point to /usr/lib/jvm/java-17-openjdk-arm64/bin/jrunscript
update-alternatives 2024-06-12 17:17:14: run with --install /usr/bin/jshell jshell /usr/lib/jvm/java-17-openjdk-arm64/bin/jshell 1711 --slave /usr/share/man/man1/jshell.1.gz jshell.1.gz /usr/lib/jvm/java-17-openjdk-arm64/man/man1/jshell.1.gz
update-alternatives 2024-06-12 17:17:14: link group jshell updated to point to /usr/lib/jvm/java-17-openjdk-arm64/bin/jshell
update-alternatives 2024-06-12 17:17:14: run with --install /usr/bin/jstack jstack /usr/lib/jvm/java-17-openjdk-arm64/bin/jstack 1711 --slave /usr/share/man/man1/jstack.1.gz jstack.1.gz /usr/lib/jvm/java-17-openjdk-arm64/man/man1/jstack.1.gz
update-alternatives 2024-06-12 17:17:14: link group jstack updated to point to /usr/lib/jvm/java-17-openjdk-arm64/bin/jstack
update-alternatives 2024-06-12 17:17:14: run with --install /usr/bin/jstat jstat /usr/lib/jvm/java-17-openjdk-arm64/bin/jstat 1711 --slave /usr/share/man/man1/jstat.1.gz jstat.1.gz /usr/lib/jvm/java-17-openjdk-arm64/man/man1/jstat.1.gz
update-alternatives 2024-06-12 17:17:14: link group jstat updated to point to /usr/lib/jvm/java-17-openjdk-arm64/bin/jstat
update-alternatives 2024-06-12 17:17:14: run with --install /usr/bin/jstatd jstatd /usr/lib/jvm/java-17-openjdk-arm64/bin/jstatd 1711 --slave /usr/share/man/man1/jstatd.1.gz jstatd.1.gz /usr/lib/jvm/java-17-openjdk-arm64/man/man1/jstatd.1.gz
update-alternatives 2024-06-12 17:17:14: link group jstatd updated to point to /usr/lib/jvm/java-17-openjdk-arm64/bin/jstatd
update-alternatives 2024-06-12 17:17:14: run with --install /usr/bin/serialver serialver /usr/lib/jvm/java-17-openjdk-arm64/bin/serialver 1711 --slave /usr/share/man/man1/serialver.1.gz serialver.1.gz /usr/lib/jvm/java-17-openjdk-arm64/man/man1/serialver.1.gz
update-alternatives 2024-06-12 17:17:14: link group serialver updated to point to /usr/lib/jvm/java-17-openjdk-arm64/bin/serialver
update-alternatives 2024-06-12 17:17:14: run with --install /usr/bin/jhsdb jhsdb /usr/lib/jvm/java-17-openjdk-arm64/bin/jhsdb 1711 --slave /usr/share/man/man1/jhsdb.1.gz jhsdb.1.gz /usr/lib/jvm/java-17-openjdk-arm64/man/man1/jhsdb.1.gz
update-alternatives 2024-06-12 17:17:14: link group jhsdb updated to point to /usr/lib/jvm/java-17-openjdk-arm64/bin/jhsdb
update-alternatives 2024-06-12 17:17:14: run with --install /usr/bin/jconsole jconsole /usr/lib/jvm/java-17-openjdk-arm64/bin/jconsole 1711 --slave /usr/share/man/man1/jconsole.1.gz jconsole.1.gz /usr/lib/jvm/java-17-openjdk-arm64/man/man1/jconsole.1.gz
update-alternatives 2024-06-12 17:17:14: link group jconsole updated to point to /usr/lib/jvm/java-17-openjdk-arm64/bin/jconsole
update-alternatives 2024-06-12 17:17:14: run with --install /usr/bin/cli-gacutil global-assembly-cache-tool /usr/bin/gacutil 10 --slave /usr/share/man/man1/cli-gacutil.1.gz cli-gacutil.1.gz /usr/share/man/man1/gacutil.1.gz
update-alternatives 2024-06-12 17:17:14: link group global-assembly-cache-tool updated to point to /usr/bin/gacutil
update-alternatives 2024-06-12 17:17:14: run with --install /usr/bin/cli cli /usr/bin/mono 10 --slave /usr/share/man/man1/cli.1.gz cli.1.gz /usr/share/man/man1/mono.1.gz
update-alternatives 2024-06-12 17:17:14: link group cli updated to point to /usr/bin/mono
update-alternatives 2024-06-12 17:17:27: run with --install /usr/bin/cli-csc c-sharp-compiler /usr/bin/mono-csc 10 --slave /usr/share/man/man1/cli-csc.1.gz cli-csc.1.gz /usr/share/man/man1/mcs.1.gz
update-alternatives 2024-06-12 17:17:27: link group c-sharp-compiler updated to point to /usr/bin/mono-csc
update-alternatives 2024-06-12 17:17:27: run with --install /usr/bin/cli-resgen resource-file-generator /usr/bin/resgen 10 --slave /usr/share/man/man1/cli-resgen.1.gz cli-resgen.1.gz /usr/share/man/man1/resgen.1.gz
update-alternatives 2024-06-12 17:17:27: link group resource-file-generator updated to point to /usr/bin/resgen
update-alternatives 2024-06-12 17:17:27: run with --install /usr/bin/cli-al assembly-linker /usr/bin/al 10 --slave /usr/share/man/man1/cli-al.1.gz cli-al.1.gz /usr/share/man/man1/al.1.gz
update-alternatives 2024-06-12 17:17:27: link group assembly-linker updated to point to /usr/bin/al
update-alternatives 2024-06-12 17:17:27: run with --install /usr/bin/cli-sn strong-name-tool /usr/bin/sn 10 --slave /usr/share/man/man1/cli-sn.1.gz cli-sn.1.gz /usr/share/man/man1/sn.1.gz
update-alternatives 2024-06-12 17:17:27: link group strong-name-tool updated to point to /usr/bin/sn
update-alternatives 2024-06-12 17:20:12: run with --install /usr/bin/editor editor /usr/bin/code 0
update-alternatives 2024-06-13 12:34:28: run with --remove js /usr/bin/nodejs
update-alternatives 2024-06-13 12:34:28: link group js fully removed
update-alternatives 2024-06-13 13:16:57: run with --quiet --install /usr/bin/nodejs nodejs /usr/bin/node 50 --slave /usr/share/man/man1/nodejs.1.gz nodejs.1.gz /usr/share/man/man1/node.1.gz
update-alternatives 2024-06-13 13:16:57: link group nodejs updated to point to /usr/bin/node
